TN:
SF:src/common/interfaces/custom-error.ts
FN:4,(anonymous_0)
FNF:1
FNH:1
FNDA:11,(anonymous_0)
DA:5,11
DA:6,1
DA:7,1
DA:9,10
DA:10,10
DA:12,11
DA:13,11
DA:17,1
LF:8
LH:8
BRDA:5,0,0,1
BRDA:5,0,1,10
BRF:2
BRH:2
end_of_record
TN:
SF:src/common/middlewares/auth.ts
FN:9,(anonymous_8)
FN:9,(anonymous_9)
FNF:2
FNH:2
FNDA:5,(anonymous_8)
FNDA:5,(anonymous_9)
DA:2,1
DA:3,1
DA:4,1
DA:5,1
DA:6,1
DA:7,1
DA:9,5
DA:10,5
DA:11,5
DA:12,5
DA:13,1
DA:15,4
DA:17,4
DA:18,2
DA:19,0
DA:21,2
DA:22,2
DA:23,1
DA:25,1
DA:26,1
DA:28,4
DA:29,2
DA:31,2
DA:36,1
LF:24
LH:23
BRDA:12,0,0,1
BRDA:12,0,1,4
BRDA:18,1,0,0
BRDA:18,1,1,2
BRDA:22,2,0,1
BRDA:22,2,1,1
BRDA:28,3,0,2
BRDA:28,3,1,2
BRDA:28,4,0,4
BRDA:28,4,1,2
BRF:10
BRH:9
end_of_record
TN:
SF:src/services/candidate.ts
FN:18,(anonymous_8)
FN:52,(anonymous_10)
FN:66,(anonymous_11)
FN:78,(anonymous_13)
FN:85,(anonymous_15)
FN:92,(anonymous_16)
FN:95,(anonymous_18)
FN:96,(anonymous_19)
FN:108,(anonymous_20)
FN:116,(anonymous_21)
FN:132,(anonymous_23)
FNF:11
FNH:11
FNDA:3,(anonymous_8)
FNDA:10,(anonymous_10)
FNDA:3,(anonymous_11)
FNDA:3,(anonymous_13)
FNDA:6,(anonymous_15)
FNDA:1,(anonymous_16)
FNDA:1,(anonymous_18)
FNDA:5,(anonymous_19)
FNDA:6,(anonymous_20)
FNDA:1,(anonymous_21)
FNDA:1,(anonymous_23)
DA:1,1
DA:2,1
DA:5,1
DA:6,1
DA:7,1
DA:8,1
DA:9,1
DA:14,1
DA:15,1
DA:17,1
DA:23,3
DA:24,3
DA:39,3
DA:52,10
DA:60,2
DA:62,1
DA:67,3
DA:68,3
DA:69,3
DA:70,1
DA:72,2
DA:74,1
DA:79,3
DA:80,3
DA:81,2
DA:82,2
DA:84,2
DA:85,6
DA:87,2
DA:89,1
DA:93,1
DA:94,1
DA:95,1
DA:96,5
DA:105,1
DA:108,6
DA:110,1
DA:112,0
DA:117,1
DA:118,1
DA:119,1
DA:121,1
DA:122,0
DA:124,1
DA:125,1
DA:126,1
DA:127,1
DA:129,0
DA:133,1
DA:135,1
DA:136,1
DA:137,0
DA:139,1
DA:140,1
DA:141,0
DA:143,1
DA:155,1
DA:156,1
DA:157,1
DA:159,0
DA:164,1
LF:61
LH:55
BRDA:26,0,0,3
BRDA:26,0,1,0
BRDA:69,1,0,1
BRDA:69,1,1,2
BRDA:81,2,0,2
BRDA:81,2,1,0
BRDA:84,3,0,2
BRDA:84,3,1,0
BRDA:121,4,0,0
BRDA:121,4,1,1
BRDA:136,5,0,0
BRDA:136,5,1,1
BRDA:140,6,0,0
BRDA:140,6,1,1
BRF:14
BRH:8
end_of_record
TN:
SF:src/services/user.ts
FN:12,(anonymous_8)
FN:16,(anonymous_10)
FN:26,(anonymous_12)
FNF:3
FNH:2
FNDA:0,(anonymous_8)
FNDA:2,(anonymous_10)
FNDA:3,(anonymous_12)
DA:1,1
DA:2,1
DA:3,1
DA:4,1
DA:6,1
DA:7,1
DA:8,1
DA:11,1
DA:13,0
DA:17,2
DA:18,2
DA:19,2
DA:20,1
DA:22,1
DA:23,1
DA:27,3
DA:28,3
DA:29,1
DA:31,2
DA:32,2
DA:33,1
DA:35,1
DA:39,1
DA:44,1
DA:48,1
LF:25
LH:24
BRDA:19,0,0,1
BRDA:19,0,1,1
BRDA:28,1,0,1
BRDA:28,1,1,2
BRDA:32,2,0,1
BRDA:32,2,1,1
BRF:6
BRH:6
end_of_record
